Unity Editor version:    2021.3.0f1 (6eacc8284459)
Branch:                  2021.3/staging
Build type:              Release
Batch mode:              YES
macOS version:           Version 12.0.1 (Build 21A559)
Darwin version:          21.1.0
Architecture:            x86_64
Running under Rosetta:   NO
Available memory:        8192 MB
Using pre-set license
Pro License: YES

COMMAND LINE ARGUMENTS:
/Applications/Unity/Hub/Editor/2021.3.0f1/Unity.app/Contents/MacOS/Unity
-adb2
-batchMode
-noUpm
-name
AssetImportWorker1
-projectPath
/Users/andrej/Documents/GitHub/New-game/Newgame
-logFile
Logs/AssetImportWorker1.log
-srvPort
49820
Successfully changed project path to: /Users/andrej/Documents/GitHub/New-game/Newgame
/Users/andrej/Documents/GitHub/New-game/Newgame
[UnityMemory] Configuration Parameters - Can be set up in boot.config
    "memorysetup-bucket-allocator-granularity=16"
    "memorysetup-bucket-allocator-bucket-count=8"
    "memorysetup-bucket-allocator-block-size=33554432"
    "memorysetup-bucket-allocator-block-count=8"
    "memorysetup-main-allocator-block-size=16777216"
    "memorysetup-thread-allocator-block-size=16777216"
    "memorysetup-gfx-main-allocator-block-size=16777216"
    "memorysetup-gfx-thread-allocator-block-size=16777216"
    "memorysetup-cache-allocator-block-size=4194304"
    "memorysetup-typetree-allocator-block-size=2097152"
    "memorysetup-profiler-bucket-allocator-granularity=16"
    "memorysetup-profiler-bucket-allocator-bucket-count=8"
    "memorysetup-profiler-bucket-allocator-block-size=33554432"
    "memorysetup-profiler-bucket-allocator-block-count=8"
    "memorysetup-profiler-allocator-block-size=16777216"
    "memorysetup-profiler-editor-allocator-block-size=1048576"
    "memorysetup-temp-allocator-size-main=16777216"
    "memorysetup-job-temp-allocator-block-size=2097152"
    "memorysetup-job-temp-allocator-block-size-background=1048576"
    "memorysetup-job-temp-allocator-reduction-small-platforms=262144"
    "memorysetup-temp-allocator-size-background-worker=32768"
    "memorysetup-temp-allocator-size-job-worker=262144"
    "memorysetup-temp-allocator-size-preload-manager=33554432"
    "memorysetup-temp-allocator-size-nav-mesh-worker=65536"
    "memorysetup-temp-allocator-size-audio-worker=65536"
    "memorysetup-temp-allocator-size-cloud-worker=32768"
    "memorysetup-temp-allocator-size-gi-baking-worker=262144"
    "memorysetup-temp-allocator-size-gfx=262144"
Refreshing native plugins compatible for Editor in 114.24 ms, found 2 plugins.
Preloading 0 native plugins for Editor in 0.00 ms.
Initialize engine version: 2021.3.0f1 (6eacc8284459)
[Subsystems] Discovering subsystems at path /Applications/Unity/Hub/Editor/2021.3.0f1/Unity.app/Contents/Resources/UnitySubsystems
[Subsystems] Discovering subsystems at path /Users/andrej/Documents/GitHub/New-game/Newgame/Assets
GfxDevice: creating device client; threaded=0; jobified=0
Color LCD preferred device: Intel(R) Iris(TM) Plus Graphics 640 (low power)
Metal devices available: 1
0: Intel(R) Iris(TM) Plus Graphics 640 (low power)
Using device Intel(R) Iris(TM) Plus Graphics 640 (low power)
Initializing Metal device caps: Intel(R) Iris(TM) Plus Graphics 640
Initialize mono
Mono path[0] = '/Applications/Unity/Hub/Editor/2021.3.0f1/Unity.app/Contents/Managed'
Mono path[1] = '/Applications/Unity/Hub/Editor/2021.3.0f1/Unity.app/Contents/MonoBleedingEdge/lib/mono/unityjit-macos'
Mono config path = '/Applications/Unity/Hub/Editor/2021.3.0f1/Unity.app/Contents/MonoBleedingEdge/etc'
Using monoOptions --debugger-agent=transport=dt_socket,embedding=1,server=y,suspend=n,address=127.0.0.1:56866
Begin MonoManager ReloadAssembly
Registering precompiled unity dll's ...
Register platform support module: /Applications/Unity/Hub/Editor/2021.3.0f1/Unity.app/Contents/PlaybackEngines/MacStandaloneSupport/UnityEditor.OSXStandalone.Extensions.dll
Registered in 0.008690 seconds.
Native extension for OSXStandalone target not found
Refreshing native plugins compatible for Editor in 93.27 ms, found 2 plugins.
Preloading 0 native plugins for Editor in 0.00 ms.
Mono: successfully reloaded assembly
- Completed reload, in  0.898 seconds
Domain Reload Profiling:
	ReloadAssembly (898ms)
		BeginReloadAssembly (153ms)
			ExecutionOrderSort (0ms)
			DisableScriptedObjects (0ms)
			BackupInstance (0ms)
			ReleaseScriptingObjects (0ms)
			CreateAndSetChildDomain (1ms)
		EndReloadAssembly (593ms)
			LoadAssemblies (154ms)
			RebuildTransferFunctionScriptingTraits (0ms)
			SetupTypeCache (142ms)
			ReleaseScriptCaches (0ms)
			RebuildScriptCaches (39ms)
			SetupLoadedEditorAssemblies (350ms)
				LogAssemblyErrors (0ms)
				InitializePlatformSupportModulesInManaged (7ms)
				SetLoadedEditorAssemblies (0ms)
				RefreshPlugins (93ms)
				BeforeProcessingInitializeOnLoad (1ms)
				ProcessInitializeOnLoadAttributes (191ms)
				ProcessInitializeOnLoadMethodAttributes (56ms)
				AfterProcessingInitializeOnLoad (0ms)
				EditorAssembliesLoaded (0ms)
			ExecutionOrderSort2 (0ms)
			AwakeInstancesAfterBackupRestoration (0ms)
Platform modules already initialized, skipping
Registering precompiled user dll's ...
Registered in 0.011099 seconds.
Begin MonoManager ReloadAssembly
Symbol file LoadedFromMemory doesn't match image /Users/andrej/Documents/GitHub/New-game/Newgame/Library/PackageCache/com.unity.visualscripting@1.7.6/Editor/VisualScripting.Core/Dependencies/YamlDotNet/Unity.VisualScripting.YamlDotNet.dll
Symbol file LoadedFromMemory is not a mono symbol file
Symbol file LoadedFromMemory doesn't match image /Users/andrej/Documents/GitHub/New-game/Newgame/Library/PackageCache/com.unity.visualscripting@1.7.6/Editor/VisualScripting.Core/Dependencies/DotNetZip/Unity.VisualScripting.IonicZip.dll
Native extension for OSXStandalone target not found
Refreshing native plugins compatible for Editor in 0.56 ms, found 2 plugins.
Preloading 0 native plugins for Editor in 0.00 ms.
Mono: successfully reloaded assembly
- Completed reload, in  1.309 seconds
Domain Reload Profiling:
	ReloadAssembly (1310ms)
		BeginReloadAssembly (121ms)
			ExecutionOrderSort (0ms)
			DisableScriptedObjects (8ms)
			BackupInstance (0ms)
			ReleaseScriptingObjects (0ms)
			CreateAndSetChildDomain (25ms)
		EndReloadAssembly (1042ms)
			LoadAssemblies (148ms)
			RebuildTransferFunctionScriptingTraits (0ms)
			SetupTypeCache (335ms)
			ReleaseScriptCaches (1ms)
			RebuildScriptCaches (68ms)
			SetupLoadedEditorAssemblies (434ms)
				LogAssemblyErrors (0ms)
				InitializePlatformSupportModulesInManaged (5ms)
				SetLoadedEditorAssemblies (1ms)
				RefreshPlugins (1ms)
				BeforeProcessingInitializeOnLoad (91ms)
				ProcessInitializeOnLoadAttributes (295ms)
				ProcessInitializeOnLoadMethodAttributes (40ms)
				AfterProcessingInitializeOnLoad (2ms)
				EditorAssembliesLoaded (0ms)
			ExecutionOrderSort2 (0ms)
			AwakeInstancesAfterBackupRestoration (5ms)
Platform modules already initialized, skipping
========================================================================
Worker process is ready to serve import requests
Launching external process: /Applications/Unity/Hub/Editor/2021.3.0f1/Unity.app/Contents/Tools/UnityShaderCompiler
Launched and connected shader compiler UnityShaderCompiler after 0.09 seconds
Refreshing native plugins compatible for Editor in 0.98 ms, found 2 plugins.
Preloading 0 native plugins for Editor in 0.00 ms.
Unloading 3225 Unused Serialized files (Serialized files now loaded: 0)
Unloading 23 unused Assets / (156.8 KB). Loaded Objects now: 3685.
Memory consumption went from 276.0 MB to 275.9 MB.
Total: 4.108510 ms (FindLiveObjects: 0.341416 ms CreateObjectMapping: 0.268516 ms MarkObjects: 3.374673 ms  DeleteObjects: 0.122503 ms)

AssetImportParameters requested are different than current active one (requested -> active):
  custom:video-decoder-ogg-theora: a1e56fd34408186e4bbccfd4996cb3dc -> 
  custom:container-muxer-webm: aa71ff27fc2769a1b78a27578f13a17b -> 
  custom:container-demuxer-webm: 4f35f7cbe854078d1ac9338744f61a02 -> 
  custom:video-encoder-webm-vp8: eb34c28f22e8b96e1ab97ce403110664 -> 
  custom:framework-osx-AVFoundation: e770b220cccbd017edd2c1fefb359320 -> 
  custom:audio-encoder-webm-vorbis: bf7c407c2cedff20999df2af8eb42d56 -> 
  custom:container-demuxer-ogg: 62fdf1f143b41e24485cea50d1cbac27 -> 
  custom:video-decoder-webm-vp8: 9c59270c3fd7afecdb556c50c9e8de78 -> 
  custom:audio-decoder-ogg-vorbis: bf7c407c2cedff20999df2af8eb42d56 -> 
========================================================================
Received Import Request.
  Time since last request: 604824.024075 seconds.
  path: Assets/Arena.mat
  artifactKey: Guid(a909946c383b342a0b85092629cc0144) Importer(815301076,1909f56bfc062723c751e8b465ee728b)
Start importing Assets/Arena.mat using Guid(a909946c383b342a0b85092629cc0144) Importer(815301076,1909f56bfc062723c751e8b465ee728b)  -> (artifact id: '41191d54231a0f8587ad4a20883e77f1') in 1.636932 seconds 
========================================================================
Received Import Request.
  Time since last request: 0.000307 seconds.
  path: Assets/Player.mat
  artifactKey: Guid(6743eb41918f0471b9613691709ccbf7) Importer(815301076,1909f56bfc062723c751e8b465ee728b)
Start importing Assets/Player.mat using Guid(6743eb41918f0471b9613691709ccbf7) Importer(815301076,1909f56bfc062723c751e8b465ee728b)  -> (artifact id: '6b501b569b2fef8c26940c81e086dca0') in 0.028714 seconds 
========================================================================
Received Import Request.
  Time since last request: 1549.752632 seconds.
  path: Assets/Capsule (2).prefab
  artifactKey: Guid(e79c62c755eac4296a208534773ef993) Importer(815301076,1909f56bfc062723c751e8b465ee728b)
Start importing Assets/Capsule (2).prefab using Guid(e79c62c755eac4296a208534773ef993) Importer(815301076,1909f56bfc062723c751e8b465ee728b)  -> (artifact id: '5bfe3c5486a690c801098efa7a455224') in 0.202259 seconds 
========================================================================
Received Import Request.
  Time since last request: 0.000090 seconds.
  path: Assets/Sphere (3).prefab
  artifactKey: Guid(cdb09bb693fed4712be2f25ab27f7115) Importer(815301076,1909f56bfc062723c751e8b465ee728b)
Start importing Assets/Sphere (3).prefab using Guid(cdb09bb693fed4712be2f25ab27f7115) Importer(815301076,1909f56bfc062723c751e8b465ee728b)  -> (artifact id: '5153ea05b0f54c1bf5083e19c8e72ce9') in 0.012316 seconds 
========================================================================
Received Import Request.
  Time since last request: 0.000075 seconds.
  path: Assets/Sphere (1).prefab
  artifactKey: Guid(dc71954211c1c4b4aae818b6585f7146) Importer(815301076,1909f56bfc062723c751e8b465ee728b)
Start importing Assets/Sphere (1).prefab using Guid(dc71954211c1c4b4aae818b6585f7146) Importer(815301076,1909f56bfc062723c751e8b465ee728b)  -> (artifact id: '0dce8617a669058681276826b3be1ac3') in 0.010744 seconds 
========================================================================
Received Import Request.
  Time since last request: 0.000078 seconds.
  path: Assets/Cube (5).prefab
  artifactKey: Guid(5e32127f4e6ee4474acfc77f0aedfb9c) Importer(815301076,1909f56bfc062723c751e8b465ee728b)
Start importing Assets/Cube (5).prefab using Guid(5e32127f4e6ee4474acfc77f0aedfb9c) Importer(815301076,1909f56bfc062723c751e8b465ee728b)  -> (artifact id: '89413432c7bcc0c338f8c64c8d067c58') in 0.011774 seconds 
========================================================================
Received Import Request.
  Time since last request: 0.000093 seconds.
  path: Assets/Cylinder (2).prefab
  artifactKey: Guid(bb1a203bf75ac4f1fa3c94716725644b) Importer(815301076,1909f56bfc062723c751e8b465ee728b)
Start importing Assets/Cylinder (2).prefab using Guid(bb1a203bf75ac4f1fa3c94716725644b) Importer(815301076,1909f56bfc062723c751e8b465ee728b)  -> (artifact id: '67224dd6d847dd5e46560d6491a01303') in 0.011065 seconds 
========================================================================
Received Import Request.
  Time since last request: 0.000083 seconds.
  path: Assets/Sphere (2).prefab
  artifactKey: Guid(78257fc44b8294022bb13d0eee7f81dc) Importer(815301076,1909f56bfc062723c751e8b465ee728b)
Start importing Assets/Sphere (2).prefab using Guid(78257fc44b8294022bb13d0eee7f81dc) Importer(815301076,1909f56bfc062723c751e8b465ee728b)  -> (artifact id: 'c0f42b248a64ec845788dfcc118cd9f0') in 0.011271 seconds 
========================================================================
Received Import Request.
  Time since last request: 0.000103 seconds.
  path: Assets/Cube (1).prefab
  artifactKey: Guid(eb69b3868a13142e48e784c84a5afc7a) Importer(815301076,1909f56bfc062723c751e8b465ee728b)
Start importing Assets/Cube (1).prefab using Guid(eb69b3868a13142e48e784c84a5afc7a) Importer(815301076,1909f56bfc062723c751e8b465ee728b)  -> (artifact id: 'c72c9c037f5478de58a0d8b2ace5c3b7') in 0.011164 seconds 
